This file contains any messages produced by compilers while
running configure, to aid debugging if configure makes a mistake.

It was created by configure, which was
generated by GNU Autoconf 2.65.  Invocation command line was

  $ ./configure --disable-option-checking --prefix=/usr/local --cache-file=/dev/null --srcdir=.

## --------- ##
## Platform. ##
## --------- ##

hostname = imac-de-manuel-rodriguez-morales.local
uname -m = i386
uname -r = 10.7.0
uname -s = Darwin
uname -v = Darwin Kernel Version 10.7.0: Sat Jan 29 15:17:16 PST 2011; root:xnu-1504.9.37~1/RELEASE_I386

/usr/bin/uname -p = i386
/bin/uname -X     = unknown

/bin/arch              = unknown
/usr/bin/arch -k       = unknown
/usr/convex/getsysinfo = unknown
/usr/bin/hostinfo      = Mach kernel version:
	 Darwin Kernel Version 10.7.0: Sat Jan 29 15:17:16 PST 2011; root:xnu-1504.9.37~1/RELEASE_I386
Kernel configured for up to 2 processors.
2 processors are physically available.
2 processors are logically available.
Processor type: i486 (Intel 80486)
Processors active: 0 1
Primary memory available: 8.00 gigabytes
Default processor set: 103 tasks, 374 threads, 2 processors
Load average: 1.23, Mach factor: 0.80
/bin/machine           = unknown
/usr/bin/oslevel       = unknown
/bin/universe          = unknown

PATH: /opt/local/bin
PATH: /opt/local/sbin
PATH: /usr/bin
PATH: /bin
PATH: /usr/sbin
PATH: /sbin
PATH: /usr/local/bin
PATH: /usr/X11/bin
PATH: /Users/manuthema/proyectos/it/herramientas_amazon/bin


## ----------- ##
## Core tests. ##
## ----------- ##

configure:2665: checking for grep that handles long lines and -e
configure:2723: result: /usr/bin/grep
configure:2728: checking for egrep
configure:2790: result: /usr/bin/grep -E
configure:2795: checking for a sed that does not truncate output
configure:2849: result: /usr/bin/sed
configure:2981: checking for cc
configure:2997: found /usr/bin/cc
configure:3008: result: cc
configure:3039: checking for C compiler version
configure:3048: cc --version >&5
i686-apple-darwin10-llvm-gcc-4.2 (GCC) 4.2.1 (Based on Apple Inc. build 5658) (LLVM build 2335.9)
Copyright (C) 2007 Free Software Foundation, Inc.
This is free software; see the source for copying conditions.  There is NO
warranty; not even for MERCHANTABILITY or FITNESS FOR A PARTICULAR PURPOSE.

configure:3059: $? = 0
configure:3048: cc -v >&5
Using built-in specs.
Target: i686-apple-darwin10
Configured with: /var/tmp/llvmgcc42/llvmgcc42-2335.9~9/src/configure --disable-checking --enable-werror --prefix=/Developer/usr/llvm-gcc-4.2 --mandir=/share/man --enable-languages=c,objc,c++,obj-c++ --program-prefix=llvm- --program-transform-name=/^[cg][^.-]*$/s/$/-4.2/ --with-slibdir=/usr/lib --build=i686-apple-darwin10 --enable-llvm=/var/tmp/llvmgcc42/llvmgcc42-2335.9~9/dst-llvmCore/Developer/usr/local --program-prefix=i686-apple-darwin10- --host=x86_64-apple-darwin10 --target=i686-apple-darwin10 --with-gxx-include-dir=/usr/include/c++/4.2.1
Thread model: posix
gcc version 4.2.1 (Based on Apple Inc. build 5658) (LLVM build 2335.9)
configure:3059: $? = 0
configure:3048: cc -V >&5
llvm-gcc-4.2: argument to `-V' is missing
configure:3059: $? = 1
configure:3048: cc -qversion >&5
i686-apple-darwin10-llvm-gcc-4.2: no input files
configure:3059: $? = 1
configure:3079: checking whether the C compiler works
configure:3101: cc    conftest.c -lssl -lpthread  >&5
configure:3105: $? = 0
configure:3154: result: yes
configure:3157: checking for C compiler default output file name
configure:3159: result: a.out
configure:3165: checking for suffix of executables
configure:3172: cc -o conftest    conftest.c -lssl -lpthread  >&5
configure:3176: $? = 0
configure:3198: result: 
configure:3220: checking whether we are cross compiling
configure:3228: cc -o conftest    conftest.c -lssl -lpthread  >&5
configure:3232: $? = 0
configure:3239: ./conftest
configure:3243: $? = 0
configure:3258: result: no
configure:3263: checking for suffix of object files
configure:3285: cc -c   conftest.c >&5
configure:3289: $? = 0
configure:3310: result: o
configure:3314: checking whether we are using the GNU C compiler
configure:3333: cc -c   conftest.c >&5
configure:3333: $? = 0
configure:3342: result: yes
configure:3351: checking whether cc accepts -g
configure:3371: cc -c -g  conftest.c >&5
configure:3371: $? = 0
configure:3412: result: yes
configure:3429: checking for cc option to accept ISO C89
configure:3493: cc  -c -g -O2  conftest.c >&5
configure:3493: $? = 0
configure:3506: result: none needed
configure:3532: checking how to run the C preprocessor
configure:3563: cc -E  conftest.c
configure:3563: $? = 0
configure:3577: cc -E  conftest.c
conftest.c:9:28: error: ac_nonexistent.h: No such file or directory
configure:3577: $? = 1
configure: failed program was:
| /* confdefs.h */
| #define PACKAGE_NAME ""
| #define PACKAGE_TARNAME ""
| #define PACKAGE_VERSION ""
| #define PACKAGE_STRING ""
| #define PACKAGE_BUGREPORT ""
| #define PACKAGE_URL ""
| /* end confdefs.h.  */
| #include <ac_nonexistent.h>
configure:3602: result: cc -E
configure:3622: cc -E  conftest.c
configure:3622: $? = 0
configure:3636: cc -E  conftest.c
conftest.c:9:28: error: ac_nonexistent.h: No such file or directory
configure:3636: $? = 1
configure: failed program was:
| /* confdefs.h */
| #define PACKAGE_NAME ""
| #define PACKAGE_TARNAME ""
| #define PACKAGE_VERSION ""
| #define PACKAGE_STRING ""
| #define PACKAGE_BUGREPORT ""
| #define PACKAGE_URL ""
| /* end confdefs.h.  */
| #include <ac_nonexistent.h>
configure:3667: checking for icc
configure:3676: result: no
configure:3690: checking for suncc
configure:3699: result: no
configure:3717: checking whether cc understands -c and -o together
configure:3745: cc -c conftest.c -o conftest2.o >&5
configure:3749: $? = 0
configure:3755: cc -c conftest.c -o conftest2.o >&5
configure:3759: $? = 0
configure:3814: result: yes
configure:3828: checking for system library directory
configure:3843: result: lib
configure:3850: checking if compiler supports -R
configure:3869: cc -o conftest -g -O2   conftest.c -R /usr/lib -lssl -lpthread  >&5
ld: in /usr/lib, can't map file, errno=22 for architecture x86_64
collect2: ld returned 1 exit status
configure:3869: $? = 1
configure: failed program was:
| /* confdefs.h */
| #define PACKAGE_NAME ""
| #define PACKAGE_TARNAME ""
| #define PACKAGE_VERSION ""
| #define PACKAGE_STRING ""
| #define PACKAGE_BUGREPORT ""
| #define PACKAGE_URL ""
| /* end confdefs.h.  */
| 
| int
| main ()
| {
| 
|   ;
|   return 0;
| }
configure:3879: result: no
configure:3884: checking if compiler supports -Wl,-rpath,
configure:3903: cc -o conftest -g -O2   conftest.c -Wl,-rpath,/usr/lib -lssl -lpthread  >&5
configure:3903: $? = 0
configure:3913: result: yes
configure:3952: checking build system type
configure:3966: result: i386-apple-darwin10.7.0
configure:3986: checking host system type
configure:3999: result: i386-apple-darwin10.7.0
configure:4019: checking target system type
configure:4032: result: i386-apple-darwin10.7.0
configure:4135: checking for PHP prefix
configure:4137: result: /usr
configure:4139: checking for PHP includes
configure:4141: result: -I/usr/include/php -I/usr/include/php/main -I/usr/include/php/TSRM -I/usr/include/php/Zend -I/usr/include/php/ext -I/usr/include/php/ext/date/lib
configure:4143: checking for PHP extension directory
configure:4145: result: /usr/lib/php/extensions/no-debug-non-zts-20090626
configure:4147: checking for PHP installed headers prefix
configure:4149: result: /usr/include/php
configure:4152: checking if debug is enabled
configure:4178: result: no
configure:4181: checking if zts is enabled
configure:4207: result: no
configure:4281: checking for re2c
configure:4311: result: no
configure:4336: WARNING: You will need re2c 0.13.4 or later if you want to regenerate PHP parsers.
configure:4350: checking for gawk
configure:4381: result: no
configure:4350: checking for nawk
configure:4381: result: no
configure:4350: checking for awk
configure:4367: found /usr/bin/awk
configure:4378: result: awk
configure:4401: checking if awk is broken
configure:4408: result: no
configure:4422: checking whether to enable the thrift_protocol extension
configure:4461: result: yes, shared
configure:4528: checking for g++
configure:4544: found /usr/bin/g++
configure:4555: result: g++
configure:4582: checking for C++ compiler version
configure:4591: g++ --version >&5
i686-apple-darwin10-g++-4.2.1 (GCC) 4.2.1 (Apple Inc. build 5666) (dot 3)
Copyright (C) 2007 Free Software Foundation, Inc.
This is free software; see the source for copying conditions.  There is NO
warranty; not even for MERCHANTABILITY or FITNESS FOR A PARTICULAR PURPOSE.

configure:4602: $? = 0
configure:4591: g++ -v >&5
Using built-in specs.
Target: i686-apple-darwin10
Configured with: /var/tmp/gcc/gcc-5666.3~123/src/configure --disable-checking --enable-werror --prefix=/usr --mandir=/share/man --enable-languages=c,objc,c++,obj-c++ --program-transform-name=/^[cg][^.-]*$/s/$/-4.2/ --with-slibdir=/usr/lib --build=i686-apple-darwin10 --program-prefix=i686-apple-darwin10- --host=x86_64-apple-darwin10 --target=i686-apple-darwin10 --with-gxx-include-dir=/include/c++/4.2.1
Thread model: posix
gcc version 4.2.1 (Apple Inc. build 5666) (dot 3)
configure:4602: $? = 0
configure:4591: g++ -V >&5
g++-4.2: argument to `-V' is missing
configure:4602: $? = 1
configure:4591: g++ -qversion >&5
i686-apple-darwin10-g++-4.2.1: no input files
configure:4602: $? = 1
configure:4606: checking whether we are using the GNU C++ compiler
configure:4625: g++ -c   conftest.cpp >&5
configure:4625: $? = 0
configure:4634: result: yes
configure:4643: checking whether g++ accepts -g
configure:4663: g++ -c -g  conftest.cpp >&5
configure:4663: $? = 0
configure:4704: result: yes
configure:4732: checking how to run the C++ preprocessor
configure:4759: g++ -E  conftest.cpp
configure:4759: $? = 0
configure:4773: g++ -E  conftest.cpp
conftest.cpp:9:28: error: ac_nonexistent.h: No such file or directory
configure:4773: $? = 1
configure: failed program was:
| /* confdefs.h */
| #define PACKAGE_NAME ""
| #define PACKAGE_TARNAME ""
| #define PACKAGE_VERSION ""
| #define PACKAGE_STRING ""
| #define PACKAGE_BUGREPORT ""
| #define PACKAGE_URL ""
| /* end confdefs.h.  */
| #include <ac_nonexistent.h>
configure:4798: result: g++ -E
configure:4818: g++ -E  conftest.cpp
configure:4818: $? = 0
configure:4832: g++ -E  conftest.cpp
conftest.cpp:9:28: error: ac_nonexistent.h: No such file or directory
configure:4832: $? = 1
configure: failed program was:
| /* confdefs.h */
| #define PACKAGE_NAME ""
| #define PACKAGE_TARNAME ""
| #define PACKAGE_VERSION ""
| #define PACKAGE_STRING ""
| #define PACKAGE_BUGREPORT ""
| #define PACKAGE_URL ""
| /* end confdefs.h.  */
| #include <ac_nonexistent.h>
configure:5347: checking for ld used by cc
configure:5414: result: /usr/llvm-gcc-4.2/libexec/gcc/i686-apple-darwin10/4.2.1/ld
configure:5421: checking if the linker (/usr/llvm-gcc-4.2/libexec/gcc/i686-apple-darwin10/4.2.1/ld) is GNU ld
configure:5436: result: no
configure:5441: checking for /usr/llvm-gcc-4.2/libexec/gcc/i686-apple-darwin10/4.2.1/ld option to reload object files
configure:5448: result: -r
configure:5466: checking for BSD-compatible nm
configure:5515: result: /usr/bin/nm
configure:5519: checking whether ln -s works
configure:5523: result: yes
configure:5530: checking how to recognize dependent libraries
configure:5716: result: pass_all
configure:5928: checking for ANSI C header files
configure:5948: cc -c -g -O2  conftest.c >&5
configure:5948: $? = 0
configure:6021: cc -o conftest -g -O2   conftest.c -lssl -lpthread  >&5
configure:6021: $? = 0
configure:6021: ./conftest
configure:6021: $? = 0
configure:6032: result: yes
configure:6045: checking for sys/types.h
configure:6045: cc -c -g -O2  conftest.c >&5
configure:6045: $? = 0
configure:6045: result: yes
configure:6045: checking for sys/stat.h
configure:6045: cc -c -g -O2  conftest.c >&5
configure:6045: $? = 0
configure:6045: result: yes
configure:6045: checking for stdlib.h
configure:6045: cc -c -g -O2  conftest.c >&5
configure:6045: $? = 0
configure:6045: result: yes
configure:6045: checking for string.h
configure:6045: cc -c -g -O2  conftest.c >&5
configure:6045: $? = 0
configure:6045: result: yes
configure:6045: checking for memory.h
configure:6045: cc -c -g -O2  conftest.c >&5
configure:6045: $? = 0
configure:6045: result: yes
configure:6045: checking for strings.h
configure:6045: cc -c -g -O2  conftest.c >&5
configure:6045: $? = 0
configure:6045: result: yes
configure:6045: checking for inttypes.h
configure:6045: cc -c -g -O2  conftest.c >&5
configure:6045: $? = 0
configure:6045: result: yes
configure:6045: checking for stdint.h
configure:6045: cc -c -g -O2  conftest.c >&5
configure:6045: $? = 0
configure:6045: result: yes
configure:6045: checking for unistd.h
configure:6045: cc -c -g -O2  conftest.c >&5
configure:6045: $? = 0
configure:6045: result: yes
configure:6060: checking dlfcn.h usability
configure:6060: cc -c -g -O2  conftest.c >&5
configure:6060: $? = 0
configure:6060: result: yes
configure:6060: checking dlfcn.h presence
configure:6060: cc -E  conftest.c
configure:6060: $? = 0
configure:6060: result: yes
configure:6060: checking for dlfcn.h
configure:6060: result: yes
configure:6080: checking how to run the C++ preprocessor
configure:6146: result: g++ -E
configure:6166: g++ -E  conftest.cpp
configure:6166: $? = 0
configure:6180: g++ -E  conftest.cpp
conftest.cpp:21:28: error: ac_nonexistent.h: No such file or directory
configure:6180: $? = 1
configure: failed program was:
| /* confdefs.h */
| #define PACKAGE_NAME ""
| #define PACKAGE_TARNAME ""
| #define PACKAGE_VERSION ""
| #define PACKAGE_STRING ""
| #define PACKAGE_BUGREPORT ""
| #define PACKAGE_URL ""
| #define COMPILE_DL_THRIFT_PROTOCOL 1
| #define STDC_HEADERS 1
| #define HAVE_SYS_TYPES_H 1
| #define HAVE_SYS_STAT_H 1
| #define HAVE_STDLIB_H 1
| #define HAVE_STRING_H 1
| #define HAVE_MEMORY_H 1
| #define HAVE_STRINGS_H 1
| #define HAVE_INTTYPES_H 1
| #define HAVE_STDINT_H 1
| #define HAVE_UNISTD_H 1
| #define HAVE_DLFCN_H 1
| /* end confdefs.h.  */
| #include <ac_nonexistent.h>
configure:6213: checking the maximum length of command line arguments
configure:6325: result: 196608
configure:6337: checking command to parse /usr/bin/nm output from cc object
configure:6442: g++ -c -g -O2  conftest.cpp >&5
configure:6445: $? = 0
configure:6449: /usr/bin/nm conftest.o \| sed -n -e 's/^.*[ 	]\([BCDEGRST][BCDEGRST]*\)[ 	][ 	]*\([_A-Za-z][_A-Za-z0-9]*\)$/\1 \2 \2/p' \> conftest.nm
configure:6452: $? = 0
cannot find nm_test_var in conftest.nm
configure:6442: g++ -c -g -O2  conftest.cpp >&5
configure:6445: $? = 0
configure:6449: /usr/bin/nm conftest.o \| sed -n -e 's/^.*[ 	]\([BCDEGRST][BCDEGRST]*\)[ 	][ 	]*_\([_A-Za-z][_A-Za-z0-9]*\)$/\1 _\2 \2/p' \> conftest.nm
configure:6452: $? = 0
configure:6504: g++ -o conftest -g -O2   conftest.cpp conftstm.o >&5
configure:6507: $? = 0
configure:6545: result: ok
configure:6549: checking for objdir
configure:6564: result: .libs
configure:6656: checking for ar
configure:6672: found /usr/bin/ar
configure:6683: result: ar
configure:6748: checking for ranlib
configure:6764: found /usr/bin/ranlib
configure:6775: result: ranlib
configure:6840: checking for strip
configure:6856: found /usr/bin/strip
configure:6867: result: strip
configure:7120: checking for dsymutil
configure:7136: found /usr/bin/dsymutil
configure:7147: result: dsymutil
configure:7212: checking for nmedit
configure:7228: found /usr/bin/nmedit
configure:7239: result: nmedit
configure:7262: checking for -single_module linker flag
configure:7283: result: yes
configure:7285: checking for -exported_symbols_list linker flag
configure:7301: g++ -o conftest -g -O2   -Wl,-exported_symbols_list,conftest.sym conftest.cpp -lssl -lpthread  >&5
configure:7304: $? = 0
configure:7318: result: yes
configure:7436: checking if cc supports -fno-rtti -fno-exceptions
configure:7454: cc -c -g -O2  -fno-rtti -fno-exceptions conftest.c >&5
cc1: warning: command line option "-fno-rtti" is valid for C++/ObjC++ but not for C
configure:7458: $? = 0
configure:7471: result: no
configure:7486: checking for cc option to produce PIC
configure:7726: result: -fno-common
configure:7734: checking if cc PIC flag -fno-common works
configure:7752: cc -c -g -O2  -fno-common -DPIC conftest.c >&5
configure:7756: $? = 0
configure:7769: result: yes
configure:7797: checking if cc static flag -static works
configure:7825: result: no
configure:7835: checking if cc supports -c -o file.o
configure:7856: cc -c -g -O2  -o out/conftest2.o conftest.c >&5
configure:7860: $? = 0
configure:7882: result: yes
configure:7908: checking whether the cc linker (/usr/llvm-gcc-4.2/libexec/gcc/i686-apple-darwin10/4.2.1/ld) supports shared libraries
configure:8840: result: yes
configure:8907: checking dynamic linker characteristics
configure:9509: result: darwin10.7.0 dyld
configure:9533: checking how to hardcode library paths into programs
configure:9558: result: immediate
configure:9572: checking whether stripping libraries is possible
configure:9586: result: yes
configure:10094: checking if libtool supports shared libraries
configure:10096: result: yes
configure:10099: checking whether to build shared libraries
configure:10120: result: yes
configure:10123: checking whether to build static libraries
configure:10127: result: no
configure:10222: result:
creating libtool
configure:10813: checking for ld used by g++
configure:10880: result: /usr/llvm-gcc-4.2/libexec/gcc/i686-apple-darwin10/4.2.1/ld
configure:10887: checking if the linker (/usr/llvm-gcc-4.2/libexec/gcc/i686-apple-darwin10/4.2.1/ld) is GNU ld
configure:10902: result: no
configure:10953: checking whether the g++ linker (/usr/llvm-gcc-4.2/libexec/gcc/i686-apple-darwin10/4.2.1/ld) supports shared libraries
configure:11851: result: yes
configure:11872: g++ -c -g -O2  conftest.cpp >&5
configure:11875: $? = 0
configure:12031: checking for g++ option to produce PIC
configure:12321: result: -fno-common
configure:12329: checking if g++ PIC flag -fno-common works
configure:12347: g++ -c -g -O2  -fno-common -DPIC conftest.cpp >&5
configure:12351: $? = 0
configure:12364: result: yes
configure:12392: checking if g++ static flag -static works
configure:12420: result: no
configure:12430: checking if g++ supports -c -o file.o
configure:12451: g++ -c -g -O2  -o out/conftest2.o conftest.cpp >&5
configure:12455: $? = 0
configure:12477: result: yes
configure:12503: checking whether the g++ linker (/usr/llvm-gcc-4.2/libexec/gcc/i686-apple-darwin10/4.2.1/ld) supports shared libraries
configure:12529: result: yes
configure:12596: checking dynamic linker characteristics
configure:13146: result: darwin10.7.0 dyld
configure:13170: checking how to hardcode library paths into programs
configure:13195: result: immediate
configure:13913: creating ./config.status

## ---------------------- ##
## Running config.status. ##
## ---------------------- ##

This file was extended by config.status, which was
generated by GNU Autoconf 2.65.  Invocation command line was

  CONFIG_FILES    = 
  CONFIG_HEADERS  = 
  CONFIG_LINKS    = 
  CONFIG_COMMANDS = 
  $ ./config.status 

on imac-de-manuel-rodriguez-morales.local

config.status:680: creating config.h

## ---------------- ##
## Cache variables. ##
## ---------------- ##

ac_cv_build=i386-apple-darwin10.7.0
ac_cv_c_compiler_gnu=yes
ac_cv_cxx_compiler_gnu=yes
ac_cv_env_CCC_set=
ac_cv_env_CCC_value=
ac_cv_env_CC_set=
ac_cv_env_CC_value=
ac_cv_env_CFLAGS_set=
ac_cv_env_CFLAGS_value=
ac_cv_env_CPPFLAGS_set=set
ac_cv_env_CPPFLAGS_value=
ac_cv_env_CPP_set=
ac_cv_env_CPP_value=
ac_cv_env_CXXCPP_set=
ac_cv_env_CXXCPP_value=
ac_cv_env_CXXFLAGS_set=
ac_cv_env_CXXFLAGS_value=
ac_cv_env_CXX_set=
ac_cv_env_CXX_value=
ac_cv_env_LDFLAGS_set=set
ac_cv_env_LDFLAGS_value=
ac_cv_env_LIBS_set=set
ac_cv_env_LIBS_value='-lssl -lpthread '
ac_cv_env_build_alias_set=
ac_cv_env_build_alias_value=
ac_cv_env_host_alias_set=
ac_cv_env_host_alias_value=
ac_cv_env_target_alias_set=
ac_cv_env_target_alias_value=
ac_cv_header_dlfcn_h=yes
ac_cv_header_inttypes_h=yes
ac_cv_header_memory_h=yes
ac_cv_header_stdc=yes
ac_cv_header_stdint_h=yes
ac_cv_header_stdlib_h=yes
ac_cv_header_string_h=yes
ac_cv_header_strings_h=yes
ac_cv_header_sys_stat_h=yes
ac_cv_header_sys_types_h=yes
ac_cv_header_unistd_h=yes
ac_cv_host=i386-apple-darwin10.7.0
ac_cv_objext=o
ac_cv_path_EGREP='/usr/bin/grep -E'
ac_cv_path_GREP=/usr/bin/grep
ac_cv_prog_AWK=awk
ac_cv_prog_CPP='cc -E'
ac_cv_prog_CXXCPP='g++ -E'
ac_cv_prog_ac_ct_AR=ar
ac_cv_prog_ac_ct_CC=cc
ac_cv_prog_ac_ct_CXX=g++
ac_cv_prog_ac_ct_DSYMUTIL=dsymutil
ac_cv_prog_ac_ct_NMEDIT=nmedit
ac_cv_prog_ac_ct_RANLIB=ranlib
ac_cv_prog_ac_ct_STRIP=strip
ac_cv_prog_cc_c89=
ac_cv_prog_cc_cc_c_o=yes
ac_cv_prog_cc_g=yes
ac_cv_prog_cxx_g=yes
ac_cv_target=i386-apple-darwin10.7.0
lt_cv_apple_cc_single_mod=yes
lt_cv_deplibs_check_method=pass_all
lt_cv_file_magic_cmd='$MAGIC_CMD'
lt_cv_file_magic_test_file=
lt_cv_ld_exported_symbols_list=yes
lt_cv_ld_reload_flag=-r
lt_cv_objdir=.libs
lt_cv_path_LD=/usr/llvm-gcc-4.2/libexec/gcc/i686-apple-darwin10/4.2.1/ld
lt_cv_path_LDCXX=/usr/llvm-gcc-4.2/libexec/gcc/i686-apple-darwin10/4.2.1/ld
lt_cv_path_NM=/usr/bin/nm
lt_cv_path_SED=/usr/bin/sed
lt_cv_prog_compiler_c_o=yes
lt_cv_prog_compiler_c_o_CXX=yes
lt_cv_prog_compiler_pic_works=yes
lt_cv_prog_compiler_pic_works_CXX=yes
lt_cv_prog_compiler_rtti_exceptions=no
lt_cv_prog_compiler_static_works=no
lt_cv_prog_compiler_static_works_CXX=no
lt_cv_prog_gnu_ld=no
lt_cv_prog_gnu_ldcxx=no
lt_cv_sys_global_symbol_pipe='sed -n -e '\''s/^.*[ 	]\([BCDEGRST][BCDEGRST]*\)[ 	][ 	]*_\([_A-Za-z][_A-Za-z0-9]*\)$/\1 _\2 \2/p'\'''
lt_cv_sys_global_symbol_to_c_name_address='sed -n -e '\''s/^: \([^ ]*\) $/  {\"\1\", (lt_ptr) 0},/p'\'' -e '\''s/^[BCDEGRST] \([^ ]*\) \([^ ]*\)$/  {"\2", (lt_ptr) \&\2},/p'\'''
lt_cv_sys_global_symbol_to_cdecl='sed -n -e '\''s/^. .* \(.*\)$/extern int \1;/p'\'''
lt_cv_sys_lib_dlsearch_path_spec='/usr/local/lib /lib /usr/lib'
lt_cv_sys_lib_search_path_spec='/usr/llvm-gcc-4.2/lib/gcc/i686-apple-darwin10/4.2.1/x86_64 /Developer/usr/llvm-gcc-4.2/lib/gcc/i686-apple-darwin10/4.2.1/x86_64 /usr/lib/gcc/i686-apple-darwin10/4.2.1/x86_64 /usr/lib/i686-apple-darwin10/4.2.1 /usr/lib /usr/llvm-gcc-4.2/lib/gcc /usr/llvm-gcc-4.2/lib /Developer/usr/llvm-gcc-4.2/lib /usr/local/lib'
lt_cv_sys_max_cmd_len=196608
lt_lt_cv_prog_compiler_c_o='"yes"'
lt_lt_cv_prog_compiler_c_o_CXX='"yes"'
lt_lt_cv_sys_global_symbol_pipe='"sed -n -e '\''s/^.*[ 	]\\([BCDEGRST][BCDEGRST]*\\)[ 	][ 	]*_\\([_A-Za-z][_A-Za-z0-9]*\\)\$/\\1 _\\2 \\2/p'\''"'
lt_lt_cv_sys_global_symbol_to_c_name_address='"sed -n -e '\''s/^: \\([^ ]*\\) \$/  {\\\"\\1\\\", (lt_ptr) 0},/p'\'' -e '\''s/^[BCDEGRST] \\([^ ]*\\) \\([^ ]*\\)\$/  {\"\\2\", (lt_ptr) \\&\\2},/p'\''"'
lt_lt_cv_sys_global_symbol_to_cdecl='"sed -n -e '\''s/^. .* \\(.*\\)\$/extern int \\1;/p'\''"'
php_cv_cc_dashr=no
php_cv_cc_rpath=yes

## ----------------- ##
## Output variables. ##
## ----------------- ##

AR='ar'
AWK='awk'
CC='cc'
CFLAGS='-g -O2'
CONFIGURE_COMMAND=' '\''./configure'\''  '\''--disable-option-checking'\'' '\''--prefix=/usr/local'\'' '\''--cache-file=/dev/null'\'' '\''--srcdir=.'\'''
CONFIGURE_OPTIONS=' '\''--disable-option-checking'\'' '\''--prefix=/usr/local'\'' '\''--cache-file=/dev/null'\'' '\''--srcdir=.'\'''
CPP='cc -E'
CPPFLAGS=' -DHAVE_CONFIG_H'
CXX='g++'
CXXCPP='g++ -E'
CXXFLAGS='-g -O2'
DEFS='-DHAVE_CONFIG_H'
DSYMUTIL='dsymutil'
ECHO='/bin/echo'
ECHO_C='\c'
ECHO_N=''
ECHO_T=''
EGREP='/usr/bin/grep -E'
EXEEXT=''
GREP='/usr/bin/grep'
LDFLAGS=''
LIBOBJS=''
LIBS='-lssl -lpthread '
LIBTOOL='$(SHELL) $(top_builddir)/libtool'
LN_S='ln -s'
LTLIBOBJS=''
NMEDIT='nmedit'
OBJEXT='o'
PACKAGE_BUGREPORT=''
PACKAGE_NAME=''
PACKAGE_STRING=''
PACKAGE_TARNAME=''
PACKAGE_URL=''
PACKAGE_VERSION=''
PATH_SEPARATOR=':'
RANLIB='ranlib'
RE2C='exit 0;'
SED='/usr/bin/sed'
SHELL='/bin/sh'
SHLIB_DL_SUFFIX_NAME='so'
SHLIB_SUFFIX_NAME='dylib'
STRIP='strip'
ac_ct_CC='cc'
ac_ct_CXX='g++'
bindir='${exec_prefix}/bin'
build='i386-apple-darwin10.7.0'
build_alias=''
build_cpu='i386'
build_os='darwin10.7.0'
build_vendor='apple'
datadir='${datarootdir}'
datarootdir='${prefix}/share'
docdir='${datarootdir}/doc/${PACKAGE}'
dvidir='${docdir}'
exec_prefix='$(prefix)'
host='i386-apple-darwin10.7.0'
host_alias='i386-apple-darwin10.7.0'
host_cpu='i386'
host_os='darwin10.7.0'
host_vendor='apple'
htmldir='${docdir}'
includedir='${prefix}/include'
infodir='${datarootdir}/info'
libdir='${exec_prefix}/lib'
libexecdir='${exec_prefix}/libexec'
localedir='${datarootdir}/locale'
localstatedir='${prefix}/var'
mandir='${datarootdir}/man'
oldincludedir='/usr/include'
pdfdir='${docdir}'
prefix='/usr'
program_transform_name='s,x,x,'
psdir='${docdir}'
sbindir='${exec_prefix}/sbin'
sharedstatedir='${prefix}/com'
sysconfdir='${prefix}/etc'
target='i386-apple-darwin10.7.0'
target_alias=''
target_cpu='i386'
target_os='darwin10.7.0'
target_vendor='apple'

## ----------- ##
## confdefs.h. ##
## ----------- ##

/* confdefs.h */
#define PACKAGE_NAME ""
#define PACKAGE_TARNAME ""
#define PACKAGE_VERSION ""
#define PACKAGE_STRING ""
#define PACKAGE_BUGREPORT ""
#define PACKAGE_URL ""
#define COMPILE_DL_THRIFT_PROTOCOL 1
#define STDC_HEADERS 1
#define HAVE_SYS_TYPES_H 1
#define HAVE_SYS_STAT_H 1
#define HAVE_STDLIB_H 1
#define HAVE_STRING_H 1
#define HAVE_MEMORY_H 1
#define HAVE_STRINGS_H 1
#define HAVE_INTTYPES_H 1
#define HAVE_STDINT_H 1
#define HAVE_UNISTD_H 1
#define HAVE_DLFCN_H 1

configure: exit 0
